<?xml version="1.0" encoding="UTF-8"?>
<!-- Generated by org.testng.reporters.JUnitXMLReporter -->
<testsuite ignored="0" hostname="DESKTOP-KFHMFDJ" failures="0" tests="4" name="QARegisterationTest" time="3.445" errors="0" timestamp="2024-09-25T09:22:19 IST">
  <testcase classname="com.farmework.tests.UserRegisterationTest" name="verifyRegisterWithAllMandatoryDetailsExcelFileData" time="0.0">
    <skipped/>
  </testcase> <!-- verifyRegisterWithAllMandatoryDetailsExcelFileData -->
  <testcase classname="com.farmework.tests.UserRegisterationTest" name="verifyRegisterWithExistingEmail" time="0.0">
    <skipped/>
  </testcase> <!-- verifyRegisterWithExistingEmail -->
  <testcase classname="com.farmework.tests.UserRegisterationTest" name="verifyErrorMessageForMandatoryField" time="0.0">
    <skipped/>
  </testcase> <!-- verifyErrorMessageForMandatoryField -->
  <testcase classname="com.farmework.tests.UserRegisterationTest" name="registerWithAllMandatoryDetailsPropertyFileData" time="0.001">
    <skipped/>
  </testcase> <!-- registerWithAllMandatoryDetailsPropertyFileData -->
</testsuite> <!-- QARegisterationTest -->
