<?xml version="1.0" encoding="UTF-8"?>
<!-- Generated by org.testng.reporters.JUnitXMLReporter -->
<testsuite ignored="0" hostname="DESKTOP-KFHMFDJ" failures="0" tests="2" name="QASearchTest" time="48.978" errors="0" timestamp="2024-09-25T09:23:05 IST">
  <testcase classname="com.farmework.tests.SearchTest" name="verifySearchWithInValidProductName" time="9.696"/>
  <testcase classname="com.farmework.tests.SearchTest" name="verifySearchWithValidProductName" time="3.894"/>
</testsuite> <!-- QASearchTest -->
