<?xml version="1.0" encoding="UTF-8"?>
<!-- Generated by org.testng.reporters.JUnitXMLReporter -->
<testsuite ignored="0" hostname="LAPTOP-3IEND3VV" failures="0" tests="4" name="RegisterationTest" time="0.166" errors="0" timestamp="2024-02-17T12:36:22 EST">
  <testcase classname="com.farmework.tests.UserRegisterationTest" name="verifyRegisterWithAllMandatoryDetailsExcelFileData" time="0.0">
    <skipped/>
  </testcase> <!-- verifyRegisterWithAllMandatoryDetailsExcelFileData -->
  <testcase classname="com.farmework.tests.UserRegisterationTest" name="verifyRegisterWithExistingEmail" time="0.0">
    <skipped/>
  </testcase> <!-- verifyRegisterWithExistingEmail -->
  <testcase classname="com.farmework.tests.UserRegisterationTest" name="verifyErrorMessageForMandatoryField" time="0.0">
    <skipped/>
  </testcase> <!-- verifyErrorMessageForMandatoryField -->
  <testcase classname="com.farmework.tests.UserRegisterationTest" name="registerWithAllMandatoryDetailsPropertyFileData" time="0.0">
    <skipped/>
  </testcase> <!-- registerWithAllMandatoryDetailsPropertyFileData -->
</testsuite> <!-- RegisterationTest -->
