<?xml version="1.0" encoding="UTF-8"?>
<!-- Generated by org.testng.reporters.JUnitXMLReporter -->
<testsuite ignored="0" hostname="LAPTOP-3IEND3VV" failures="0" tests="2" name="SearchTest" time="0.099" errors="0" timestamp="2024-02-17T12:36:23 EST">
  <testcase classname="com.farmework.tests.SearchTest" name="verifySearchWithValidProductName" time="0.0">
    <skipped/>
  </testcase> <!-- verifySearchWithValidProductName -->
  <testcase classname="com.farmework.tests.SearchTest" name="verifySearchWithInValidProductName" time="0.0">
    <skipped/>
  </testcase> <!-- verifySearchWithInValidProductName -->
</testsuite> <!-- SearchTest -->
