<?xml version="1.0" encoding="UTF-8"?>
<!-- Generated by org.testng.reporters.JUnitXMLReporter -->
<testsuite ignored="4" hostname="LAPTOP-3IEND3VV" failures="0" tests="11" name="Test" time="112.234" errors="0" timestamp="2024-02-17T12:21:59 EST">
  <testcase classname="com.farmework.tests.LoginTest" name="verify_Login_With_Valid_Cred1" time="9.636"/>
  <testcase classname="com.farmework.tests.LoginTest" name="verify_Login_With_Valid_Cred2" time="9.512"/>
  <testcase classname="com.farmework.tests.LoginTest" name="verify_Login_With_InValid_Cred" time="2.947"/>
  <testcase classname="com.farmework.tests.LoginTest" name="verify_Login_With_Valid_Cred_Using_Properties_File" time="7.815"/>
  <testcase classname="com.farmework.tests.LoginTest" name="verify_Login_Without_Enterig_Credentials" time="5.829"/>
  <testcase classname="com.farmework.tests.UserRegisterationTest" name="verifyRegisterWithAllMandatoryDetailsExcelFileData" time="7.497"/>
  <testcase classname="com.farmework.tests.UserRegisterationTest" name="verifyRegisterWithExistingEmail" time="1.254"/>
  <testcase classname="com.farmework.tests.UserRegisterationTest" name="verifyErrorMessageForMandatoryField" time="11.173"/>
  <testcase classname="com.farmework.tests.UserRegisterationTest" name="registerWithAllMandatoryDetailsPropertyFileData" time="8.269"/>
  <testcase classname="com.farmework.tests.SearchTest" name="verifySearchWithValidProductName" time="19.113"/>
  <testcase classname="com.farmework.tests.SearchTest" name="verifySearchWithInValidProductName" time="22.156"/>
  <testcase classname="com.framework.base.Base" name="@BeforeTest setUp" time="0.0">
    <ignored/>
  </testcase> <!-- @BeforeTest setUp -->
  <testcase classname="com.framework.base.Base" name="@AfterTest quitBrowser" time="0.0">
    <ignored/>
  </testcase> <!-- @AfterTest quitBrowser -->
  <testcase classname="com.framework.base.Base" name="@AfterTest quitBrowser" time="0.0">
    <ignored/>
  </testcase> <!-- @AfterTest quitBrowser -->
  <testcase classname="com.framework.base.Base" name="@BeforeTest setUp" time="0.0">
    <ignored/>
  </testcase> <!-- @BeforeTest setUp -->
</testsuite> <!-- Test -->
