<?xml version="1.0" encoding="UTF-8"?>
<!-- Generated by org.testng.reporters.JUnitXMLReporter -->
<testsuite ignored="4" hostname="DESKTOP-KFHMFDJ" failures="0" tests="1" name="Default test" time="5.897" errors="0" timestamp="2024-11-01T21:11:44 IST">
  <testcase classname="com.farmework.tests.LoginTest" name="verify_Login_With_Valid_Cred1" time="0.922"/>
  <testcase classname="com.farmework.tests.LoginTest" name="verify_Login_With_Valid_Cred_Using_Properties_File" time="0.0">
    <ignored/>
  </testcase> <!-- verify_Login_With_Valid_Cred_Using_Properties_File -->
  <testcase classname="com.farmework.tests.LoginTest" name="verify_Login_With_InValid_Cred" time="0.0">
    <ignored/>
  </testcase> <!-- verify_Login_With_InValid_Cred -->
  <testcase classname="com.farmework.tests.LoginTest" name="verify_Login_With_Valid_Cred2" time="0.0">
    <ignored/>
  </testcase> <!-- verify_Login_With_Valid_Cred2 -->
  <testcase classname="com.farmework.tests.LoginTest" name="verify_Login_Without_Enterig_Credentials" time="0.0">
    <ignored/>
  </testcase> <!-- verify_Login_Without_Enterig_Credentials -->
</testsuite> <!-- Default test -->
