<?xml version="1.0" encoding="UTF-8"?>
<!-- Generated by org.testng.reporters.JUnitXMLReporter -->
<testsuite ignored="3" hostname="DESKTOP-KFHMFDJ" failures="0" tests="1" name="QALoginTest(failed)" time="8.435" errors="0" timestamp="2024-11-01T21:21:19 IST">
  <testcase classname="com.farmework.tests.UserRegisterationTest" name="registerWithAllMandatoryDetailsPropertyFileData" time="1.557"/>
  <testcase classname="com.farmework.tests.UserRegisterationTest" name="verifyRegisterWithExistingEmail" time="0.0">
    <ignored/>
  </testcase> <!-- verifyRegisterWithExistingEmail -->
  <testcase classname="com.farmework.tests.UserRegisterationTest" name="verifyErrorMessageForMandatoryField" time="0.0">
    <ignored/>
  </testcase> <!-- verifyErrorMessageForMandatoryField -->
  <testcase classname="com.farmework.tests.UserRegisterationTest" name="verifyRegisterWithAllMandatoryDetailsExcelFileData" time="0.0">
    <ignored/>
  </testcase> <!-- verifyRegisterWithAllMandatoryDetailsExcelFileData -->
</testsuite> <!-- QALoginTest(failed) -->
